<?xml version="1.0" encoding="UTF-8"?>
<testng-results skipped="0" failed="0" ignored="0" total="4" passed="4">
  <reporter-output>
  </reporter-output>
  <suite name="Default suite" duration-ms="6210" started-at="2019-11-26T10:59:20Z" finished-at="2019-11-26T10:59:27Z">
    <groups>
    </groups>
    <test name="Default test" duration-ms="6210" started-at="2019-11-26T10:59:20Z" finished-at="2019-11-26T10:59:27Z">
      <class name="com.w2a.TestJson.ValidateCreateCustomerAPI">
        <test-method status="PASS" signature="setUp()[pri:0, instance:com.w2a.TestJson.ValidateCreateCustomerAPI@42a48628]" name="setUp" is-config="true" duration-ms="724" started-at="2019-11-26T10:59:20Z" finished-at="2019-11-26T10:59:20Z">
          <reporter-output>
          </reporter-output>
        </test-method> <!-- setUp -->
        <test-method status="PASS" signature="validateAPIWithInvalidSecretKey(java.util.Hashtable)[pri:0, instance:com.w2a.TestJson.ValidateCreateCustomerAPI@42a48628]" name="validateAPIWithInvalidSecretKey" duration-ms="4097" started-at="2019-11-26T10:59:20Z" data-provider="dp" finished-at="2019-11-26T10:59:24Z">
          <params>
            <param index="0">
              <value>
                <![CDATA[{email=rest1@gmail.com, description=Test User is not created}]]>
              </value>
            </param>
          </params>
          <reporter-output>
          </reporter-output>
        </test-method> <!-- validateAPIWithInvalidSecretKey -->
        <test-method status="PASS" signature="validateAPIWithInvalidSecretKey(java.util.Hashtable)[pri:0, instance:com.w2a.TestJson.ValidateCreateCustomerAPI@42a48628]" name="validateAPIWithInvalidSecretKey" duration-ms="744" started-at="2019-11-26T10:59:24Z" data-provider="dp" finished-at="2019-11-26T10:59:25Z">
          <params>
            <param index="0">
              <value>
                <![CDATA[{email=rest2@gmail.com, description=Test User is not created}]]>
              </value>
            </param>
          </params>
          <reporter-output>
          </reporter-output>
        </test-method> <!-- validateAPIWithInvalidSecretKey -->
        <test-method status="PASS" signature="validateAPIWithInvalidSecretKey(java.util.Hashtable)[pri:0, instance:com.w2a.TestJson.ValidateCreateCustomerAPI@42a48628]" name="validateAPIWithInvalidSecretKey" duration-ms="651" started-at="2019-11-26T10:59:25Z" data-provider="dp" finished-at="2019-11-26T10:59:26Z">
          <params>
            <param index="0">
              <value>
                <![CDATA[{email=rest3@gmail.com, description=Test User is not created}]]>
              </value>
            </param>
          </params>
          <reporter-output>
          </reporter-output>
        </test-method> <!-- validateAPIWithInvalidSecretKey -->
        <test-method status="PASS" signature="validateAPIWithInvalidSecretKey(java.util.Hashtable)[pri:0, instance:com.w2a.TestJson.ValidateCreateCustomerAPI@42a48628]" name="validateAPIWithInvalidSecretKey" duration-ms="652" started-at="2019-11-26T10:59:26Z" data-provider="dp" finished-at="2019-11-26T10:59:27Z">
          <params>
            <param index="0">
              <value>
                <![CDATA[{email=rest4@gmail.com, description=Test User is not created}]]>
              </value>
            </param>
          </params>
          <reporter-output>
          </reporter-output>
        </test-method> <!-- validateAPIWithInvalidSecretKey -->
        <test-method status="PASS" signature="tearDown()[pri:0, instance:com.w2a.TestJson.ValidateCreateCustomerAPI@42a48628]" name="tearDown" is-config="true" duration-ms="0" started-at="2019-11-26T10:59:27Z" finished-at="2019-11-26T10:59:27Z">
          <reporter-output>
          </reporter-output>
        </test-method> <!-- tearDown -->
      </class> <!-- com.w2a.TestJson.ValidateCreateCustomerAPI -->
    </test> <!-- Default test -->
  </suite> <!-- Default suite -->
</testng-results>
